<?xml version="1.0" encoding="UTF-8"?>
<testng-results ignored="0" total="1" passed="1" failed="0" skipped="0">
  <reporter-output>
  </reporter-output>
  <suite started-at="2021-11-13T14:47:15 GMT" name="Surefire suite" finished-at="2021-11-13T14:47:15 GMT" duration-ms="171">
    <groups>
    </groups>
    <test started-at="2021-11-13T14:47:15 GMT" name="Surefire test" finished-at="2021-11-13T14:47:15 GMT" duration-ms="171">
      <class name="Codility_Test.Codility_Test.AppTest">
        <test-method signature="shouldAnswerWithTrue()" started-at="2021-11-13T14:47:15 GMT" name="shouldAnswerWithTrue" finished-at="2021-11-13T14:47:15 GMT" duration-ms="4" status="PASS">
          <reporter-output>
          </reporter-output>
        </test-method> <!-- shouldAnswerWithTrue -->
      </class> <!-- Codility_Test.Codility_Test.AppTest -->
    </test> <!-- Surefire test -->
  </suite> <!-- Surefire suite -->
</testng-results>
