-------------------------------------------------------------------------------
Test set: testrunner.TestRunnerclass
-------------------------------------------------------------------------------
Tests run: 1, Failures: 0, Errors: 1, Skipped: 0, Time elapsed: 23.512 s <<< FAILURE! - in testrunner.TestRunnerclass
Add four products(Add Cart)  Time elapsed: 22.86 s  <<< ERROR!
java.lang.NullPointerException: Cannot invoke "com.test.PageObject.loginPage.clickList()" because "this.lpage" is null

